# JRE version: Java(TM) SE Runtime Environment (8.0_66-b18) (build 1.8.0_66-b18)
# Java VM: Java HotSpot(TM) 64-Bit Server VM (25.66-b18 mixed mode windows-amd64 compressed oops)
Heap:
 PSYoungGen      total 68096K, used 62538K [0x00000000eab00000, 0x00000000ef000000, 0x0000000100000000)
  eden space 65536K, 91% used [0x00000000eab00000,0x00000000ee598cf8,0x00000000eeb00000)
  from space 2560K, 99% used [0x00000000eeb00000,0x00000000eed79ef8,0x00000000eed80000)
  to   space 2560K, 0% used [0x00000000eed80000,0x00000000eed80000,0x00000000ef000000)
 ParOldGen       total 53248K, used 21404K [0x00000000c0000000, 0x00000000c3400000, 0x00000000eab00000)
  object space 53248K, 40% used [0x00000000c0000000,0x00000000c14e72c8,0x00000000c3400000)
 Metaspace       used 4873K, capacity 5470K, committed 5760K, reserved 1056768K
  class space    used 524K, capacity 529K, committed 640K, reserved 1048576K
GC Heap History (10 events):
Event: 0.899 GC heap before
{Heap before GC invocations=4 (full 0):
 PSYoungGen      total 35328K, used 35316K [0x00000000eab00000, 0x00000000ef000000, 0x0000000100000000)
  eden space 32768K, 100% used [0x00000000eab00000,0x00000000ecb00000,0x00000000ecb00000)
  from space 2560K, 99% used [0x00000000ecb00000,0x00000000ecd7d1b8,0x00000000ecd80000)
  to   space 2560K, 0% used [0x00000000eed80000,0x00000000eed80000,0x00000000ef000000)
 ParOldGen       total 44032K, used 13126K [0x00000000c0000000, 0x00000000c2b00000, 0x00000000eab00000)
  object space 44032K, 29% used [0x00000000c0000000,0x00000000c0cd1a88,0x00000000c2b00000)
 Metaspace       used 4760K, capacity 5464K, committed 5760K, reserved 1056768K
  class space    used 514K, capacity 528K, committed 640K, reserved 1048576K
Event: 0.907 GC heap after
Heap after GC invocations=4 (full 0):
 PSYoungGen      total 68096K, used 2532K [0x00000000eab00000, 0x00000000ef000000, 0x0000000100000000)
  eden space 65536K, 0% used [0x00000000eab00000,0x00000000eab00000,0x00000000eeb00000)
  from space 2560K, 98% used [0x00000000eed80000,0x00000000eeff9230,0x00000000ef000000)
  to   space 2560K, 0% used [0x00000000eeb00000,0x00000000eeb00000,0x00000000eed80000)
 ParOldGen       total 44032K, used 16263K [0x00000000c0000000, 0x00000000c2b00000, 0x00000000eab00000)
  object space 44032K, 36% used [0x00000000c0000000,0x00000000c0fe1ea8,0x00000000c2b00000)
 Metaspace       used 4760K, capacity 5464K, committed 5760K, reserved 1056768K
  class space    used 514K, capacity 528K, committed 640K, reserved 1048576K
}
Event: 1.221 GC heap before
{Heap before GC invocations=5 (full 0):
 PSYoungGen      total 68096K, used 68068K [0x00000000eab00000, 0x00000000ef000000, 0x0000000100000000)
  eden space 65536K, 100% used [0x00000000eab00000,0x00000000eeb00000,0x00000000eeb00000)
  from space 2560K, 98% used [0x00000000eed80000,0x00000000eeff9230,0x00000000ef000000)
  to   space 2560K, 0% used [0x00000000eeb00000,0x00000000eeb00000,0x00000000eed80000)
 ParOldGen       total 44032K, used 16263K [0x00000000c0000000, 0x00000000c2b00000, 0x00000000eab00000)
  object space 44032K, 36% used [0x00000000c0000000,0x00000000c0fe1ea8,0x00000000c2b00000)
 Metaspace       used 4782K, capacity 5464K, committed 5760K, reserved 1056768K
  class space    used 515K, capacity 528K, committed 640K, reserved 1048576K
Event: 1.232 GC heap after
Heap after GC invocations=5 (full 0):
 PSYoungGen      total 68096K, used 2557K [0x00000000eab00000, 0x00000000ef000000, 0x0000000100000000)
  eden space 65536K, 0% used [0x00000000eab00000,0x00000000eab00000,0x00000000eeb00000)
  from space 2560K, 99% used [0x00000000eeb00000,0x00000000eed7f5b8,0x00000000eed80000)
  to   space 2560K, 0% used [0x00000000eed80000,0x00000000eed80000,0x00000000ef000000)
 ParOldGen       total 44032K, used 25645K [0x00000000c0000000, 0x00000000c2b00000, 0x00000000eab00000)
  object space 44032K, 58% used [0x00000000c0000000,0x00000000c190b700,0x00000000c2b00000)
 Metaspace       used 4782K, capacity 5464K, committed 5760K, reserved 1056768K
  class space    used 515K, capacity 528K, committed 640K, reserved 1048576K
}
Event: 1.416 GC heap before
{Heap before GC invocations=6 (full 0):
 PSYoungGen      total 68096K, used 68093K [0x00000000eab00000, 0x00000000ef000000, 0x0000000100000000)
  eden space 65536K, 100% used [0x00000000eab00000,0x00000000eeb00000,0x00000000eeb00000)
  from space 2560K, 99% used [0x00000000eeb00000,0x00000000eed7f5b8,0x00000000eed80000)
  to   space 2560K, 0% used [0x00000000eed80000,0x00000000eed80000,0x00000000ef000000)
 ParOldGen       total 44032K, used 25645K [0x00000000c0000000, 0x00000000c2b00000, 0x00000000eab00000)
  object space 44032K, 58% used [0x00000000c0000000,0x00000000c190b700,0x00000000c2b00000)
 Metaspace       used 4870K, capacity 5470K, committed 5760K, reserved 1056768K
  class space    used 524K, capacity 529K, committed 640K, reserved 1048576K
Event: 1.469 GC heap after
Heap after GC invocations=6 (full 0):
 PSYoungGen      total 68096K, used 2543K [0x00000000eab00000, 0x00000000ef000000, 0x0000000100000000)
  eden space 65536K, 0% used [0x00000000eab00000,0x00000000eab00000,0x00000000eeb00000)
  from space 2560K, 99% used [0x00000000eed80000,0x00000000eeffbd50,0x00000000ef000000)
  to   space 2560K, 0% used [0x00000000eeb00000,0x00000000eeb00000,0x00000000eed80000)
 ParOldGen       total 49152K, used 47879K [0x00000000c0000000, 0x00000000c3000000, 0x00000000eab00000)
  object space 49152K, 97% used [0x00000000c0000000,0x00000000c2ec1d78,0x00000000c3000000)
 Metaspace       used 4870K, capacity 5470K, committed 5760K, reserved 1056768K
  class space    used 524K, capacity 529K, committed 640K, reserved 1048576K
}
Event: 1.469 GC heap before
{Heap before GC invocations=7 (full 1):
 PSYoungGen      total 68096K, used 2543K [0x00000000eab00000, 0x00000000ef000000, 0x0000000100000000)
  eden space 65536K, 0% used [0x00000000eab00000,0x00000000eab00000,0x00000000eeb00000)
  from space 2560K, 99% used [0x00000000eed80000,0x00000000eeffbd50,0x00000000ef000000)
  to   space 2560K, 0% used [0x00000000eeb00000,0x00000000eeb00000,0x00000000eed80000)
 ParOldGen       total 49152K, used 47879K [0x00000000c0000000, 0x00000000c3000000, 0x00000000eab00000)
  object space 49152K, 97% used [0x00000000c0000000,0x00000000c2ec1d78,0x00000000c3000000)
 Metaspace       used 4870K, capacity 5470K, committed 5760K, reserved 1056768K
  class space    used 524K, capacity 529K, committed 640K, reserved 1048576K
Event: 1.488 GC heap after
Heap after GC invocations=7 (full 1):
 PSYoungGen      total 68096K, used 0K [0x00000000eab00000, 0x00000000ef000000, 0x0000000100000000)
  eden space 65536K, 0% used [0x00000000eab00000,0x00000000eab00000,0x00000000eeb00000)
  from space 2560K, 0% used [0x00000000eed80000,0x00000000eed80000,0x00000000ef000000)
  to   space 2560K, 0% used [0x00000000eeb00000,0x00000000eeb00000,0x00000000eed80000)
 ParOldGen       total 53248K, used 15264K [0x00000000c0000000, 0x00000000c3400000, 0x00000000eab00000)
  object space 53248K, 28% used [0x00000000c0000000,0x00000000c0ee8310,0x00000000c3400000)
 Metaspace       used 4870K, capacity 5470K, committed 5760K, reserved 1056768K
  class space    used 524K, capacity 529K, committed 640K, reserved 1048576K
}
Event: 1.663 GC heap before
{Heap before GC invocations=8 (full 1):
 PSYoungGen      total 68096K, used 65536K [0x00000000eab00000, 0x00000000ef000000, 0x0000000100000000)
  eden space 65536K, 100% used [0x00000000eab00000,0x00000000eeb00000,0x00000000eeb00000)
  from space 2560K, 0% used [0x00000000eed80000,0x00000000eed80000,0x00000000ef000000)
  to   space 2560K, 0% used [0x00000000eeb00000,0x00000000eeb00000,0x00000000eed80000)
 ParOldGen       total 53248K, used 15264K [0x00000000c0000000, 0x00000000c3400000, 0x00000000eab00000)
  object space 53248K, 28% used [0x00000000c0000000,0x00000000c0ee8310,0x00000000c3400000)
 Metaspace       used 4871K, capacity 5470K, committed 5760K, reserved 1056768K
  class space    used 524K, capacity 529K, committed 640K, reserved 1048576K
Event: 1.669 GC heap after
Heap after GC invocations=8 (full 1):
 PSYoungGen      total 68096K, used 2535K [0x00000000eab00000, 0x00000000ef000000, 0x0000000100000000)
  eden space 65536K, 0% used [0x00000000eab00000,0x00000000eab00000,0x00000000eeb00000)
  from space 2560K, 99% used [0x00000000eeb00000,0x00000000eed79ef8,0x00000000eed80000)
  to   space 2560K, 0% used [0x00000000eed80000,0x00000000eed80000,0x00000000ef000000)
 ParOldGen       total 53248K, used 21404K [0x00000000c0000000, 0x00000000c3400000, 0x00000000eab00000)
  object space 53248K, 40% used [0x00000000c0000000,0x00000000c14e72c8,0x00000000c3400000)
 Metaspace       used 4871K, capacity 5470K, committed 5760K, reserved 1056768K
  class space    used 524K, capacity 529K, committed 640K, reserved 1048576K
}

